  ChildView.cpp
Y:\BIOMAG\shortest path\MinArea\MinArea\ChildView.cpp(156,25): warning C4267: 'initializing': conversion from 'size_t' to 'int', possible loss of data
Y:\BIOMAG\shortest path\MinArea\MinArea\ChildView.cpp(288,92): warning C4244: 'argument': conversion from 'double' to 'int', possible loss of data
Y:\BIOMAG\shortest path\MinArea\MinArea\ChildView.cpp(288,73): warning C4244: 'argument': conversion from 'double' to 'int', possible loss of data
Y:\BIOMAG\shortest path\MinArea\MinArea\ChildView.cpp(289,101): warning C4244: 'argument': conversion from 'double' to 'int', possible loss of data
Y:\BIOMAG\shortest path\MinArea\MinArea\ChildView.cpp(289,74): warning C4244: 'argument': conversion from 'double' to 'int', possible loss of data
Y:\BIOMAG\shortest path\MinArea\MinArea\ChildView.cpp(290,106): warning C4244: 'argument': conversion from 'double' to 'int', possible loss of data
Y:\BIOMAG\shortest path\MinArea\MinArea\ChildView.cpp(290,86): warning C4244: 'argument': conversion from 'double' to 'int', possible loss of data
Y:\BIOMAG\shortest path\MinArea\MinArea\ChildView.cpp(293,87): warning C4244: 'argument': conversion from 'double' to 'int', possible loss of data
Y:\BIOMAG\shortest path\MinArea\MinArea\ChildView.cpp(293,70): warning C4244: 'argument': conversion from 'double' to 'int', possible loss of data
Y:\BIOMAG\shortest path\MinArea\MinArea\ChildView.cpp(294,95): warning C4244: 'argument': conversion from 'double' to 'int', possible loss of data
Y:\BIOMAG\shortest path\MinArea\MinArea\ChildView.cpp(294,70): warning C4244: 'argument': conversion from 'double' to 'int', possible loss of data
Y:\BIOMAG\shortest path\MinArea\MinArea\ChildView.cpp(295,99): warning C4244: 'argument': conversion from 'double' to 'int', possible loss of data
Y:\BIOMAG\shortest path\MinArea\MinArea\ChildView.cpp(295,82): warning C4244: 'argument': conversion from 'double' to 'int', possible loss of data
Y:\BIOMAG\shortest path\MinArea\MinArea\ChildView.cpp(307,87): warning C4244: 'argument': conversion from 'T' to 'int', possible loss of data
          with
          [
              T=double
          ]
Y:\BIOMAG\shortest path\MinArea\MinArea\ChildView.cpp(410,156): warning C4244: 'argument': conversion from 'T' to 'int', possible loss of data
          with
          [
              T=double
          ]
C:\Program Files (x86)\Microsoft Visual Studio\2019\Enterprise\VC\Tools\MSVC\14.29.30133\include\algorithm(2916,24): warning C4244: 'argument': conversion from '_Ty' to 'unsigned int', possible loss of data
          with
          [
              _Ty=double
          ]
Y:\BIOMAG\shortest path\MinArea\MinArea\ChildView.cpp(381): message : see reference to function template instantiation '_OutIt std::transform<std::_Vector_iterator<std::_Vector_val<std::_Simple_types<_Ty>>>,std::_Vector_iterator<std::_Vector_val<std::_Simple_types<_Ty>>>,std::back_insert_iterator<std::vector<unsigned int,std::allocator<unsigned int>>>,std::minus<_Ty>>(const _InIt1,const _InIt1,const _InIt2,_OutIt,_Fn)' being compiled
          with
          [
              _OutIt=std::back_insert_iterator<std::vector<unsigned int,std::allocator<unsigned int>>>,
              _Ty=double,
              _InIt1=std::_Vector_iterator<std::_Vector_val<std::_Simple_types<double>>>,
              _InIt2=std::_Vector_iterator<std::_Vector_val<std::_Simple_types<double>>>,
              _Fn=std::minus<double>
          ]
LINK : warning LNK4044: unrecognized option '/F2000000'; ignored
AreaEikonal.obj : warning LNK4075: ignoring '/EDITANDCONTINUE' due to '/OPT:ICF' specification
  MinArea.vcxproj -> Y:\BIOMAG\shortest path\MinArea\MinArea_SITK\MinSizeRel\MinArea.exe
