y:\biomag\shortest path\minarea\minarea\minarea.dir\minsizerel\stdafx.obj
y:\biomag\shortest path\minarea\minarea\minarea.dir\minsizerel\minarea.obj
y:\biomag\shortest path\minarea\minarea\minarea.dir\minsizerel\fitplane.obj
y:\biomag\shortest path\minarea\minarea\minarea.dir\minsizerel\childview.obj
y:\biomag\shortest path\minarea\minarea\minarea.dir\minsizerel\areaeikonal.obj
y:\biomag\shortest path\minarea\minarea\minarea.dir\minsizerel\transport.obj
y:\biomag\shortest path\minarea\minarea\minarea.dir\minsizerel\mainfrm.obj
y:\biomag\shortest path\minarea\minarea\minarea.dir\minsizerel\imageop.obj
y:\biomag\shortest path\minarea\minarea\minarea.dir\minsizerel\childfrm.obj
y:\biomag\shortest path\minarea\minarea_sitk\minsizerel\minarea.exe
y:\biomag\shortest path\minarea\minarea_sitk\minsizerel\minarea.pdb
y:\biomag\shortest path\minarea\minarea\minarea.dir\minsizerel\minarea.res
y:\biomag\shortest path\minarea\minarea\minarea.dir\minsizerel\minarea.tlog\cl.command.1.tlog
y:\biomag\shortest path\minarea\minarea\minarea.dir\minsizerel\minarea.tlog\cl.read.1.tlog
y:\biomag\shortest path\minarea\minarea\minarea.dir\minsizerel\minarea.tlog\cl.write.1.tlog
y:\biomag\shortest path\minarea\minarea\minarea.dir\minsizerel\minarea.tlog\link.command.1.tlog
y:\biomag\shortest path\minarea\minarea\minarea.dir\minsizerel\minarea.tlog\link.read.1.tlog
y:\biomag\shortest path\minarea\minarea\minarea.dir\minsizerel\minarea.tlog\link.write.1.tlog
y:\biomag\shortest path\minarea\minarea\minarea.dir\minsizerel\minarea.tlog\rc.command.1.tlog
y:\biomag\shortest path\minarea\minarea\minarea.dir\minsizerel\minarea.tlog\rc.read.1.tlog
y:\biomag\shortest path\minarea\minarea\minarea.dir\minsizerel\minarea.tlog\rc.write.1.tlog
